<?xml version="1.0" encoding="UTF-8"?>
<!-- Generated by org.testng.reporters.JUnitReportReporter -->
<testsuite hostname="Sharmin_Zaman" failures="0" tests="1" name="system_testing.TestAddToWishList" time="6.716" errors="0" timestamp="2023-06-01T13:20:27 EDT" skipped="0">
  <testcase classname="system_testing.TestAddToWishList" name="testValidAddToWishList" time="6.716"/>
  <system-out/>
</testsuite> <!-- system_testing.TestAddToWishList -->
